Arguments: 
  C:\Program Files\nodejs\node.exe C:\Program Files\nodejs\node_modules\yarn\bin\yarn.js dev

PATH: 
  C:\Program Files\WindowsApps\Microsoft.PowerShell_7.3.7.0_x64__8wekyb3d8bbwe;C:\Program Files\Microsoft\jdk-11.0.20.8-hotspot\bin;C:\Windows\system32;C:\Windows;C:\Windows\System32\Wbem;C:\Windows\System32\WindowsPowerShell\v1.0\;C:\Windows\System32\OpenSSH\;C:\Users\arif\AppData\Roaming\nvm;C:\Program Files\nodejs;C:\Program Files\Git\cmd;C:\ProgramData\chocolatey\bin;%LOCALAPPDATA%\Android\Sdk\platform-tools;C:\Users\arif\AppData\Local\Microsoft\WindowsApps;C:\Users\arif\AppData\Local\Programs\Microsoft VS Code\bin;C:\Users\arif\AppData\Local\Android\Sdk\platform-tools;C:\Users\arif\AppData\Local\Programs\oh-my-posh\bin;C:\Users\arif\AppData\Local\Programs\mongosh\

Yarn version: 
  1.22.19

Node version: 
  20.7.0

Platform: 
  win32 x64

Trace: 
  SyntaxError: C:\projects\rimix\second-make-app\package.json: Expected double-quoted property name in JSON at position 76
      at JSON.parse (<anonymous>)
      at C:\Users\arif\AppData\Roaming\nvm\v20.7.0\node_modules\yarn\lib\cli.js:1629:59
      at Generator.next (<anonymous>)
      at step (C:\Users\arif\AppData\Roaming\nvm\v20.7.0\node_modules\yarn\lib\cli.js:310:30)
      at C:\Users\arif\AppData\Roaming\nvm\v20.7.0\node_modules\yarn\lib\cli.js:321:13

npm manifest: 
  {
    "name": "second-make-app",
    "private": true,
    "sideEffects": false,
    // "type": "module",
    "scripts": {
      "build": "remix build",
      "dev": "remix dev --manual",
      "start": "remix-serve ./build/index.js",
      "typecheck": "tsc"
    },
    "dependencies": {
      "@remix-run/css-bundle": "^2.0.1",
      "@remix-run/node": "^2.0.1",
      "@remix-run/react": "^2.0.1",
      "@remix-run/serve": "^2.0.1",
      "isbot": "^3.6.8",
      "react": "^18.2.0",
      "react-dom": "^18.2.0"
    },
    "devDependencies": {
      "@remix-run/dev": "^2.0.1",
      "@remix-run/eslint-config": "^2.0.1",
      "@types/react": "^18.2.20",
      "@types/react-dom": "^18.2.7",
      "daisyui": "^3.7.7",
      "eslint": "^8.38.0",
      "tailwindcss": "^3.3.3",
      "typescript": "^5.1.6"
    },
    "engines": {
      "node": ">=18.0.0"
    }
  }

yarn manifest: 
  No manifest

Lockfile: 
  No lockfile
